txt/lastrun/SkipConnect_Skip_final_22x1000_1_Sat_Feb_23_16%3A27%3A14_JST_2019.txt
mode: SkipConnect inputvectersize: 22x1000 layer: 1
..................................................input -> x-3=7
x-4=7 > 0.9995117 
x-5=5 > 0.999067 
x+5=8 > 0.99828815 
x+2=2 > 0.997988 
x-8=-3 > 0.99751353 
______
6+x=-5 > -0.027960146 
6(1-x)=-x+11 > -0.028882004 
4x-7=8 > -0.029462785 
4x+1=-11 > -0.030326227 
4x=-16 > -0.030373026 
4x+2=3 > -0.030392995 
4x+7=x-11 > -0.03318208 
4x+1=3(2x-9)+4 > -0.03331832 
4(x-3)=2x-11 > -0.034059744 
4(3x+1)=4x-6 > -0.03484438 
mode: SkipConnect inputvectersize: 22x1000 layer: 1
..................................................input -> f{4}{3}x-9=-10
f{4}{3}x-9=-10 > 1.0000002 
f{3}{2}x-6=-5x > 0.9996954 
f{10}{9}x-3=-5 > 0.9996778 
f{7}{3}-7x=-3x > 0.9996517 
f{7}{4}+8x=-f{4}{3} > 0.9979254 
______
2x+5=8x+4 > -0.03197703 
2(3x-2)=5x-4 > -0.032082107 
2x=x-11 > -0.03216044 
7+x=3 > -0.043657072 
7x-5=-1 > -0.044441752 
7x+5=11 > -0.044629253 
7x-3=9+4x > -0.044774827 
7(x+3)=-5x-8 > -0.044922456 
7.2x-4=2.2x+9 > -0.046082217 
7x-8=4(4+x) > -0.048156574 
mode: SkipConnect inputvectersize: 22x1000 layer: 1
..................................................input -> 0.1x=0.5x-1.6
0.1x=0.5x-1.6 > 0.99999964 
0.3x+1.7=0.2 > 0.99786717 
0.5(x-9)=-1.3x > 0.9978409 
0.11x-1.1=0.3x+0.61 > 0.9978199 
0.4x+0.6=0.2 > 0.9976466 
______
10x-7=-10x+7 > -0.042681914 
13+4x=25 > -0.04273961 
1.7x-0.7=1.6x-0.5 > -0.043135464 
17-6x=8x-4 > -0.043484308 
14+9x=-4 > -0.04350658 
16-9x=-23 > -0.043574333 
1.1x+0.6=0.85x-1.15 > -0.043890357 
1.12-0.67x=0.06-1.2x > -0.044371545 
10x-3=-6x+2 > -0.04510911 
11-4x=2x-9 > -0.045274843 
mode: SkipConnect inputvectersize: 22x1000 layer: 1
..................................................input -> 2(x+5)=6
2(x+5)=6 > 1.0 
2x+15=-x > 0.9992464 
2x+1=x+7 > 0.9990841 
2(x+4)=5(x-1) > 0.99761903 
2(5-x)=3(2x-5)+7x > 0.99759763 
______
4x+1=-11 > -0.030732436 
4x+2=3 > -0.030748192 
4x-7=8 > -0.031023204 
7+x=3 > -0.03426281 
7x+5=11 > -0.035091452 
7.2x-4=2.2x+9 > -0.03518513 
7x-5=-1 > -0.035289444 
7(x+3)=-5x-8 > -0.03594185 
7x-3=9+4x > -0.036431275 
7x-8=4(4+x) > -0.037527557 
mode: SkipConnect inputvectersize: 22x1000 layer: 1
..................................................input -> -4(x+5)=6
-4x+5=-11 > 0.9994779 
-3(4-x)=x > 0.9991171 
-10x+6=-5 > 0.9987582 
-10x-9=-5 > 0.9984923 
-4x+9=1 > 0.99770147 
______
7+x=3 > -0.024050502 
9(x-2)=2x+1 > -0.024318188 
9-8x=11 > -0.02436465 
6x-10=4x-3 > -0.025988271 
6+x=-5 > -0.026582563 
9-2(x-4)=3x+7 > -0.026713166 
6x-2=5 > -0.027571263 
6x-4=1 > -0.027614938 
6(1-x)=-x+11 > -0.028202543 
6x-8=4x > -0.028906528 
txt/lastrun/SkipConnect_Skip_final_22x1000_4_Sun_Feb_24_08%3A24%3A13_JST_2019.txt
mode: SkipConnect inputvectersize: 22x1000 layer: 4
..................................................input -> x-3=7
x-4=7 > 0.99194837 
x-5=5 > 0.9850264 
x+5=8 > 0.9727686 
x+2=2 > 0.96837586 
x-8=-3 > 0.96346414 
______
2(x+3)=8x+4 > -0.019285794 
2(x+1)=3x+4 > -0.019584129 
4x+2=3 > -0.020612096 
6+x=-5 > -0.022622477 
2(x+5)=6 > -0.02450726 
4x+7=x-11 > -0.026218548 
6(1-x)=-x+11 > -0.027619211 
4x+1=3(2x-9)+4 > -0.030133234 
4(x-3)=2x-11 > -0.032730475 
4(3x+1)=4x-6 > -0.039905082 
mode: SkipConnect inputvectersize: 22x1000 layer: 4
..................................................input -> f{4}{3}x-9=-10
f{4}{3}x-9=-10 > 1.0000004 
f{3}{2}x-6=-5x > 0.9949234 
f{10}{9}x-3=-5 > 0.994846 
f{7}{3}-7x=-3x > 0.99448276 
f{7}{4}+8x=-f{4}{3} > 0.96812683 
______
8-5x=-12 > -0.029826494 
7x-5=-1 > -0.02993756 
8x-3=6 > -0.030239202 
7x-3=9+4x > -0.03137695 
8x=2x+9 > -0.03176464 
7(x+3)=-5x-8 > -0.03269545 
7x+5=11 > -0.03341708 
7.2x-4=2.2x+9 > -0.035545602 
8+5x=3(x-10) > -0.04068268 
7x-8=4(4+x) > -0.04499676 
mode: SkipConnect inputvectersize: 22x1000 layer: 4
..................................................input -> 0.1x=0.5x-1.6
0.1x=0.5x-1.6 > 0.99999934 
0.5(x-9)=-1.3x > 0.9674616 
0.3x+1.7=0.2 > 0.96616524 
0.11x-1.1=0.3x+0.61 > 0.96519846 
0.38-0.18x=0.2 > 0.96354043 
______
f{7}{4}+8x=-f{4}{3} > -0.039153136 
f{2}{7}x-f{2}{3}=-7 > -0.039430946 
f{5}{3}x-f{3}{2}x=6 > -0.039888427 
f{x-5}{4}+6=f{5}{2} > -0.04022626 
f{4}{7}x-0.2x=-f{3}{8} > -0.040276833 
f{1}{4}x+f{3}{2}=f{1}{3}x > -0.04083829 
9(x-2)=2x+1 > -0.04156695 
f{2}{3}(9-6x)-4(x+f{1}{2})=-f{3}{2}(8x-12) > -0.04349407 
9x-8=5x+6 > -0.044452265 
f{3}{4}x-f{1}{2}x=f{2}{3}-f{7}{6}x > -0.04509016 
mode: SkipConnect inputvectersize: 22x1000 layer: 4
..................................................input -> 2(x+5)=6
2(x+5)=6 > 0.99999994 
2x+15=-x > 0.98820996 
2x+1=x+7 > 0.98550105 
2(x+4)=5(x-1) > 0.96330446 
2(5-x)=3(2x-5)+7x > 0.9632084 
______
f{1}{4}x+f{3}{2}=f{1}{3}x > -0.01821334 
4x+2=3 > -0.018323326 
f{1}{3}x+0.5x=f{10}{9} > -0.018851597 
f{4}{7}x-0.2x=-f{3}{8} > -0.018983273 
7.2x-4=2.2x+9 > -0.020071276 
f{3}{7}x+2=f{6}{7} > -0.020096276 
4x-7=8 > -0.020607933 
x-4=7 > -0.02111752 
7x-3=9+4x > -0.022255806 
7x-8=4(4+x) > -0.0266015 
mode: SkipConnect inputvectersize: 22x1000 layer: 4
..................................................input -> -4(x+5)=6
-4x+5=-11 > 0.99144673 
-3(4-x)=x > 0.9864846 
-10x+6=-5 > 0.98037875 
-10x-9=-5 > 0.9759923 
-4x+9=1 > 0.9651148 
______
6(1-x)=-x+11 > -0.013737181 
7(x+3)=-5x-8 > -0.014388076 
6x-8=4x > -0.018081501 
7+x=3 > -0.01926587 
1.12-0.67x=0.06-1.2x > -0.01990527 
9x-10=5 > -0.022724977 
9-8x=11 > -0.02280397 
7.2x-4=2.2x+9 > -0.02322562 
9(x-2)=2x+1 > -0.029020017 
9-2(x-4)=3x+7 > -0.033002235 
txt/lastrun/SkipConnect_Skip_final_22x1000_8_Sun_Feb_24_20%3A27%3A33_JST_2019.txt
mode: SkipConnect inputvectersize: 22x1000 layer: 8
..................................................input -> x-3=7
x-4=7 > 0.963662 
x-5=5 > 0.9338983 
x+5=8 > 0.8888245 
x+2=2 > 0.8710501 
x-8=-3 > 0.86731726 
______
2(4x+1)=3(3x-5) > 0.008641506 
0.6x+0.4(3x-2)=4.6 > 0.008576503 
4(x-3)=2x-11 > 0.0072522387 
2(5-x)=3(2x-5)+7x > 0.0036493973 
2(x+3)=x+11 > 0.0019993777 
6(1-x)=-x+11 > 9.538266E-4 
2(x+3)=8x+4 > -3.8537895E-4 
2(x+1)=3x+4 > -0.0022467384 
2(x+5)=6 > -0.015382516 
4(3x+1)=4x-6 > -0.016068442 
mode: SkipConnect inputvectersize: 22x1000 layer: 8
..................................................input -> f{4}{3}x-9=-10
f{4}{3}x-9=-10 > 0.9999998 
f{10}{9}x-3=-5 > 0.9777564 
f{3}{2}x-6=-5x > 0.976848 
f{7}{3}-7x=-3x > 0.97645557 
f{7}{4}+8x=-f{4}{3} > 0.88040847 
______
0.1x=0.5x-1.6 > -0.010458265 
2x+1=5 > -0.010809002 
8=-2(3x+2) > -0.014794842 
2x+5=8x+4 > -0.01612345 
8-5x=-12 > -0.017914124 
7x-8=4(4+x) > -0.02337615 
8(2x+1)=4(x-3) > -0.026062092 
8x-3=6 > -0.026915748 
8x=2x+9 > -0.035771344 
8+5x=3(x-10) > -0.04734886 
mode: SkipConnect inputvectersize: 22x1000 layer: 8
..................................................input -> 0.1x=0.5x-1.6
0.1x=0.5x-1.6 > 1.0000001 
0.5(x-9)=-1.3x > 0.8799058 
0.3x+1.7=0.2 > 0.8660037 
0.38-0.18x=0.2 > 0.8646081 
0.8x-(0.01x-2)=0.03x-2 > 0.8599009 
______
f{7}{4}+8x=-f{4}{3} > -0.029107226 
9-2(x-4)=3x+7 > -0.03020297 
f{x-5}{4}+6=f{5}{2} > -0.03021323 
f{2}{3}(9-6x)-4(x+f{1}{2})=-f{3}{2}(8x-12) > -0.031247968 
f{4}{7}x-0.2x=-f{3}{8} > -0.031255495 
9x-10=5 > -0.03217267 
f{4}{3}x-f{1}{3}=1 > -0.032328777 
9(x-2)=2x+1 > -0.0370206 
f{3}{4}x-f{1}{2}x=f{2}{3}-f{7}{6}x > -0.04016678 
9x-8=5x+6 > -0.04064729 
mode: SkipConnect inputvectersize: 22x1000 layer: 8
..................................................input -> 2(x+5)=6
2(x+5)=6 > 1.0000004 
2x+15=-x > 0.9525059 
2x+1=x+7 > 0.94002306 
2(x+4)=5(x-1) > 0.865899 
2(5-x)=3(2x-5)+7x > 0.8627077 
______
f{1}{4}x+f{3}{2}=f{1}{3}x > 0.008709554 
f{3}{7}x+2=f{6}{7} > 0.0086071035 
3.6+x=-1.4 > 0.008420956 
f{7}{3}-7x=-3x > 0.00633496 
f{1}{3}x+0.5x=f{10}{9} > 0.0058175 
3x=15 > 0.005556922 
f{4}{7}x-0.2x=-f{3}{8} > 0.004312246 
x-4=7 > 0.0022479524 
-f{3}{4}x=9 > -0.0011744563 
f{4}{3}x-9=-10 > -0.0014948632 
mode: SkipConnect inputvectersize: 22x1000 layer: 8
..................................................input -> -4(x+5)=6
-4x+5=-11 > 0.95918113 
-3(4-x)=x > 0.949258 
-10x+6=-5 > 0.9239827 
-10x-9=-5 > 0.90235525 
-4x+9=1 > 0.8695013 
______
7+x=3 > 0.019843075 
6x-8=4x > 0.01954847 
1.7x-0.7=1.6x-0.5 > 0.019309102 
0.6x+0.4(3x-2)=4.6 > 0.016059913 
9-8x=11 > 0.011860337 
7.2x-4=2.2x+9 > -1.328985E-4 
9x-10=5 > -0.0011327845 
9-2(x-4)=3x+7 > -0.0070491177 
9(x-2)=2x+1 > -0.007344882 
1.12-0.67x=0.06-1.2x > -0.016078735 
txt/lastrun/SkipConnect_Skip_final_22x200_1_Fri_Feb_22_20%3A56%3A16_JST_2019.txt
mode: SkipConnect inputvectersize: 22x200 layer: 1
..................................................input -> x-3=7
x-4=7 > 0.9999608 
x-5=5 > 0.9999327 
x+2=2 > 0.9997291 
x+5=8 > 0.99969065 
x-8=-3 > 0.99945056 
______
6+x=-5 > -0.10708119 
6x-10=2x > -0.10818138 
6x-10=4x-3 > -0.10846823 
6(1-x)=-x+11 > -0.109859735 
8x=2x+9 > -0.16649826 
8x-3=6 > -0.16799638 
8(2x+1)=4(x-3) > -0.16942108 
8=-2(3x+2) > -0.17148985 
8-5x=-12 > -0.1715205 
8+5x=3(x-10) > -0.17236678 
mode: SkipConnect inputvectersize: 22x200 layer: 1
..................................................input -> f{4}{3}x-9=-10
f{4}{3}x-9=-10 > 1.0 
f{3}{2}x-6=-5x > 0.99996567 
f{7}{3}-7x=-3x > 0.99996275 
f{10}{9}x-3=-5 > 0.9999544 
f{1}{2}(4x-8)=5x+2 > 0.99960756 
______
2x=x-11 > -0.11412445 
23+9x=3-6x > -0.11423559 
2x+1=5 > -0.11439972 
2(5-x)=3(2x-5)+7x > -0.11452697 
2x=-12 > -0.11455902 
2(x+3)=x+11 > -0.11498284 
2(x+3)=8x+4 > -0.11501264 
2(x+1)=3x+4 > -0.115084834 
2(4x+f{1}{2})=f{3}{4}(8x-12) > -0.11538313 
2(3x-2)=5x-4 > -0.1156224 
mode: SkipConnect inputvectersize: 22x200 layer: 1
..................................................input -> 0.1x=0.5x-1.6
0.1x=0.5x-1.6 > 0.9999998 
0.6(3x+5)=2x-4.2 > 0.99967533 
0.4x+0.6=0.2 > 0.99958724 
0.3x+1.7=0.2 > 0.99958664 
0.11x-1.1=0.3x+0.61 > 0.9995676 
______
2(x+3)=8x+4 > -0.07179994 
2(x+3)=x+11 > -0.071855664 
2(x+1)=3x+4 > -0.072012156 
2x-2=-7x+8 > -0.072023675 
8=-2(3x+2) > -0.11258781 
8-5x=-12 > -0.11334229 
8x-3=6 > -0.11335507 
8(2x+1)=4(x-3) > -0.114234984 
8+5x=3(x-10) > -0.114276715 
8x=2x+9 > -0.114746004 
mode: SkipConnect inputvectersize: 22x200 layer: 1
..................................................input -> 2(x+5)=6
2(x+5)=6 > 0.9999998 
2x+15=-x > 0.99987996 
2x+1=x+7 > 0.9998721 
2(4x+1)=3(3x-5) > 0.99954844 
2(x+3)=8x+4 > 0.9995383 
______
f{3}{7}x+2=f{6}{7} > -0.111661926 
f{2}{3}x=-8 > -0.11169684 
f{4}{3}x-f{1}{3}=1 > -0.111704156 
f{x+3}{5}+0.5x=-f{1}{10} > -0.11179139 
f{x-2}{3}=f{8}{7} > -0.11202511 
f{1}{4}x+f{3}{2}=f{1}{3}x > -0.11202647 
f{2x-1}{3}-f{4x-3}{2}=-4 > -0.112223804 
f{4}{3}x-9=-10 > -0.11246169 
f{3}{2}x-6=-5x > -0.1126113 
f{x+1}{3}+f{2x+1}{2}=f{3x-4}{2} > -0.113837354 
mode: SkipConnect inputvectersize: 22x200 layer: 1
..................................................input -> -4(x+5)=6
-4x+5=-11 > 0.9999555 
-3(4-x)=x > 0.99987245 
-10x+6=-5 > 0.99976254 
-10x-9=-5 > 0.99975955 
-5(x-1)=-7(x+3) > 0.9995558 
______
0.5(x-9)=-1.3x > -0.040347993 
0.6(3x+5)=2x-4.2 > -0.040952094 
0.2(x+6)=0.5x-0.6 > -0.041382197 
0.8x-(0.01x-2)=0.03x-2 > -0.041478693 
0.01x+0.98=0.5x > -0.041967783 
5x-7=4 > -0.042144824 
0.1x=0.5x-1.6 > -0.04246714 
0.6x+0.4(3x-2)=4.6 > -0.042471543 
5x+7=9 > -0.042873055 
5+3x=4 > -0.043353215 
txt/lastrun/SkipConnect_Skip_final_22x200_4_Fri_Feb_22_22%3A48%3A36_JST_2019.txt
mode: SkipConnect inputvectersize: 22x200 layer: 4
..................................................input -> x-3=7
x-4=7 > 0.9993723 
x-5=5 > 0.9989061 
x+2=2 > 0.99580735 
x+5=8 > 0.9952584 
x-8=-3 > 0.9914947 
______
6+x=-5 > -0.08433339 
6x-10=2x > -0.08647778 
6x-10=4x-3 > -0.08745681 
6(1-x)=-x+11 > -0.09301886 
8x=2x+9 > -0.15570453 
8x-3=6 > -0.16047296 
8(2x+1)=4(x-3) > -0.1687777 
8-5x=-12 > -0.17702715 
8=-2(3x+2) > -0.17758211 
8+5x=3(x-10) > -0.18232514 
mode: SkipConnect inputvectersize: 22x200 layer: 4
..................................................input -> f{4}{3}x-9=-10
f{4}{3}x-9=-10 > 1.0000001 
f{3}{2}x-6=-5x > 0.99944305 
f{7}{3}-7x=-3x > 0.9994031 
f{10}{9}x-3=-5 > 0.9992831 
f{1}{2}(4x-8)=5x+2 > 0.9937578 
______
2x=x-11 > -0.11981098 
23+9x=3-6x > -0.12114275 
2x+1=5 > -0.12190717 
2x=-12 > -0.12212743 
2(x+3)=x+11 > -0.12355288 
2(5-x)=3(2x-5)+7x > -0.123563975 
2(x+3)=8x+4 > -0.1237638 
2(x+1)=3x+4 > -0.12383065 
2(4x+f{1}{2})=f{3}{4}(8x-12) > -0.12534758 
2(3x-2)=5x-4 > -0.1275 
mode: SkipConnect inputvectersize: 22x200 layer: 4
..................................................input -> 0.1x=0.5x-1.6
0.1x=0.5x-1.6 > 0.99999994 
0.6(3x+5)=2x-4.2 > 0.9948791 
0.4x+0.6=0.2 > 0.99342984 
0.3x+1.7=0.2 > 0.9934135 
0.8x-(0.01x-2)=0.03x-2 > 0.99320745 
______
f{10}{9}x-3=-5 > -0.08082614 
f{3}{2}x-6=-5x > -0.08095517 
f{1}{2}(4x-8)=5x+2 > -0.08228665 
f{4}{3}x-9=-10 > -0.08259594 
8=-2(3x+2) > -0.1164745 
8-5x=-12 > -0.11888931 
8x-3=6 > -0.12041795 
8+5x=3(x-10) > -0.12197376 
8(2x+1)=4(x-3) > -0.12332061 
8x=2x+9 > -0.1249347 
mode: SkipConnect inputvectersize: 22x200 layer: 4
..................................................input -> 2(x+5)=6
2(x+5)=6 > 1.0000001 
2x+15=-x > 0.99805224 
2x+1=x+7 > 0.99793 
2(4x+1)=3(3x-5) > 0.9928722 
2(x+3)=8x+4 > 0.9926963 
______
f{x+3}{5}+0.5x=-f{1}{10} > -0.11237945 
f{1}{3}(3x-12)=2x+8 > -0.11277548 
f{2x-1}{3}-f{4x-3}{2}=-4 > -0.113218226 
f{3}{7}x+2=f{6}{7} > -0.11338293 
f{1}{4}x+f{3}{2}=f{1}{3}x > -0.113389544 
f{4}{3}x-f{1}{3}=1 > -0.11339377 
f{x-2}{3}=f{8}{7} > -0.113940015 
f{4}{3}x-9=-10 > -0.11452738 
f{3}{2}x-6=-5x > -0.115230516 
f{x+1}{3}+f{2x+1}{2}=f{3x-4}{2} > -0.12142437 
mode: SkipConnect inputvectersize: 22x200 layer: 4
..................................................input -> -4(x+5)=6
-4x+5=-11 > 0.99926853 
-3(4-x)=x > 0.99795955 
-10x+6=-5 > 0.9962721 
-10x-9=-5 > 0.99624175 
-5(x-1)=-7(x+3) > 0.9928169 
______
0.3x+1.7=0.2 > -0.03653889 
0.4x+0.6=0.2 > -0.037395358 
0.11x-1.1=0.3x+0.61 > -0.038088 
0.5(x-9)=-1.3x > -0.038777158 
0.6(3x+5)=2x-4.2 > -0.04060275 
0.2(x+6)=0.5x-0.6 > -0.041569144 
0.8x-(0.01x-2)=0.03x-2 > -0.043785334 
0.01x+0.98=0.5x > -0.045904577 
0.6x+0.4(3x-2)=4.6 > -0.047318053 
0.1x=0.5x-1.6 > -0.04741489 
txt/lastrun/SkipConnect_Skip_final_22x200_8_Sat_Feb_23_00%3A19%3A51_JST_2019.txt
mode: SkipConnect inputvectersize: 22x200 layer: 8
..................................................input -> x-3=7
x-4=7 > 0.99746716 
x-5=5 > 0.99554414 
x+2=2 > 0.9840825 
x+5=8 > 0.9823385 
x-8=-3 > 0.96806246 
______
6x-10=4x-3 > -0.04988052 
6+x=-5 > -0.05075846 
9-2(x-4)=3x+7 > -0.061293744 
6(1-x)=-x+11 > -0.061533857 
8x=2x+9 > -0.13248818 
8x-3=6 > -0.13810462 
8(2x+1)=4(x-3) > -0.16147843 
8-5x=-12 > -0.17651956 
8=-2(3x+2) > -0.17928949 
8+5x=3(x-10) > -0.19262096 
mode: SkipConnect inputvectersize: 22x200 layer: 8
..................................................input -> f{4}{3}x-9=-10
f{4}{3}x-9=-10 > 0.9999998 
f{3}{2}x-6=-5x > 0.9977706 
f{7}{3}-7x=-3x > 0.9976454 
f{10}{9}x-3=-5 > 0.99721265 
f{9}{2}+0.3x=-f{9}{2} > 0.9755826 
______
2x=x-11 > -0.12217589 
23+9x=3-6x > -0.12720953 
2x=-12 > -0.12785478 
2x+1=5 > -0.12870364 
2(x+3)=x+11 > -0.13012205 
2(x+1)=3x+4 > -0.13030893 
2(x+3)=8x+4 > -0.1308074 
2(5-x)=3(2x-5)+7x > -0.13443667 
2(4x+f{1}{2})=f{3}{4}(8x-12) > -0.13468032 
2(3x-2)=5x-4 > -0.1412589 
mode: SkipConnect inputvectersize: 22x200 layer: 8
..................................................input -> 0.1x=0.5x-1.6
0.1x=0.5x-1.6 > 0.9999998 
0.6(3x+5)=2x-4.2 > 0.98000866 
0.4x+0.6=0.2 > 0.9741379 
0.3x+1.7=0.2 > 0.97401446 
0.8x-(0.01x-2)=0.03x-2 > 0.9738555 
______
-f{9}{10}x+9=6 > -0.09725197 
f{1}{2}(4x-8)=5x+2 > -0.099503845 
f{3}{2}x-6=-5x > -0.10010623 
f{4}{3}x-9=-10 > -0.10392967 
8=-2(3x+2) > -0.12289905 
8-5x=-12 > -0.12617719 
8+5x=3(x-10) > -0.12977232 
8x-3=6 > -0.13299082 
8(2x+1)=4(x-3) > -0.13682215 
8x=2x+9 > -0.13920884 
mode: SkipConnect inputvectersize: 22x200 layer: 8
..................................................input -> 2(x+5)=6
2(x+5)=6 > 1.0000001 
2x+15=-x > 0.9921457 
2x+1=x+7 > 0.99164784 
2(4x+1)=3(3x-5) > 0.9723573 
2(3x-5)=3(x+2)+4(2x-1) > 0.97182924 
______
f{1}{4}x+f{3}{2}=f{1}{3}x > -0.11437826 
f{5}{2}x+2=2x > -0.11462572 
f{3}{7}x-3=-5 > -0.114745036 
f{4}{3}x-9=-10 > -0.11476363 
f{1}{3}(3x-12)=2x+8 > -0.114868425 
f{3}{2}x-6=-5x > -0.116253935 
f{x-2}{3}=f{8}{7} > -0.11626856 
f{4}{3}x-f{1}{3}=1 > -0.11721949 
f{3}{7}x+2=f{6}{7} > -0.117994286 
f{x+1}{3}+f{2x+1}{2}=f{3x-4}{2} > -0.13169305 
mode: SkipConnect inputvectersize: 22x200 layer: 8
..................................................input -> -4(x+5)=6
-4x+5=-11 > 0.9969909 
-3(4-x)=x > 0.9919083 
-10x+6=-5 > 0.9856282 
-10x-9=-5 > 0.98561376 
-5x=20 > 0.97107166 
______
0.4x+0.6=0.2 > -0.031224001 
0.11x-1.1=0.3x+0.61 > -0.03521377 
0.5(x-9)=-1.3x > -0.03560634 
0.2(x+6)=0.5x-0.6 > -0.037418004 
0.6(3x+5)=2x-4.2 > -0.03747252 
8+5x=3(x-10) > -0.044477593 
0.8x-(0.01x-2)=0.03x-2 > -0.047206905 
0.01x+0.98=0.5x > -0.051470954 
0.1x=0.5x-1.6 > -0.052782845 
0.6x+0.4(3x-2)=4.6 > -0.052854974 
txt/lastrun/SkipConnect_Skip_final_22x500_1_Sat_Feb_23_00%3A30%3A45_JST_2019.txt
mode: SkipConnect inputvectersize: 22x500 layer: 1
..................................................input -> x-3=7
x-4=7 > 0.99987143 
x-5=5 > 0.9997851 
x+5=8 > 0.9995236 
x+2=2 > 0.99944633 
x-8=-3 > 0.9988501 
______
-4x+9=1 > -0.03277108 
2x=x-11 > -0.0327796 
2(5-x)=3(2x-5)+7x > -0.032957304 
2x-4(2x-3)=3(3x+7) > -0.03322418 
8-5x=-12 > -0.06725522 
8(2x+1)=4(x-3) > -0.06772618 
8x-3=6 > -0.06784767 
8=-2(3x+2) > -0.070703916 
8x=2x+9 > -0.07213911 
8+5x=3(x-10) > -0.07379242 
mode: SkipConnect inputvectersize: 22x500 layer: 1
..................................................input -> f{4}{3}x-9=-10
f{4}{3}x-9=-10 > 0.99999994 
f{3}{2}x-6=-5x > 0.99989796 
f{7}{3}-7x=-3x > 0.9998935 
f{10}{9}x-3=-5 > 0.99986035 
f{7}{4}+3x=-1 > 0.99905956 
______
2x-4(2x-3)=3(3x+7) > -0.06502143 
2x+15=-x > -0.065179184 
2(5-x)=3(2x-5)+7x > -0.06525274 
2(x+5)=6 > -0.06557081 
2(4x+f{1}{2})=f{3}{4}(8x-12) > -0.065677494 
2x+1=x+7 > -0.06569311 
2x=x-11 > -0.065775156 
2(x+3)=x+11 > -0.06796424 
2(x+1)=3x+4 > -0.067969136 
2(x+3)=8x+4 > -0.068014115 
mode: SkipConnect inputvectersize: 22x500 layer: 1
..................................................input -> 0.1x=0.5x-1.6
0.1x=0.5x-1.6 > 1.0000002 
0.11x-1.1=0.3x+0.61 > 0.99904037 
0.6x+0.4(3x-2)=4.6 > 0.9989626 
0.5(x-9)=-1.3x > 0.99895513 
0.8x-(0.01x-2)=0.03x-2 > 0.99891675 
______
-f{8}{7}x-5=2 > -0.04512873 
-f{7}{6}x-7=-8 > -0.045136467 
-2(x+6)=5(x-4) > -0.04515892 
-2(x+8)=6x-6 > -0.045437407 
-f{2}{5}x+3=f{8}{3} > -0.045669682 
-f{2x-1}{9}+2=f{5}{2} > -0.045672037 
-f{1}{3}+0.4=f{3}{2}x > -0.045754153 
-f{x+3}{3}-3=-f{5}{3} > -0.045825884 
-2(x-5)=9x-8 > -0.046016812 
-f{4}{7}x+3=-f{1}{7}x > -0.04602165 
mode: SkipConnect inputvectersize: 22x500 layer: 1
..................................................input -> 2(x+5)=6
2(x+5)=6 > 0.99999994 
2x+15=-x > 0.9996994 
2x+1=x+7 > 0.99968576 
2(x+4)=5(x-1) > 0.9989838 
2(5-x)=3(2x-5)+7x > 0.99895805 
______
f{1}{2}(4x-8)=5x+2 > -0.065743074 
f{4}{7}x-0.2x=-f{3}{8} > -0.06579939 
f{8}{5}x-4=-7 > -0.06580522 
f{x-5}{4}+6=f{5}{2} > -0.06588546 
f{9}{2}+0.3x=-f{9}{2} > -0.066048935 
f{5}{3}x-f{3}{2}x=6 > -0.06619424 
f{2}{7}x-f{2}{3}=-7 > -0.06628565 
f{2}{5}-f{7}{2}x=-2 > -0.066416204 
f{1}{3}(3x-12)=2x+8 > -0.06652656 
f{7}{4}+8x=-f{4}{3} > -0.06673388 
mode: SkipConnect inputvectersize: 22x500 layer: 1
..................................................input -> -4(x+5)=6
-4x+5=-11 > 0.9998899 
-3(4-x)=x > 0.9996674 
-10x+6=-5 > 0.9994921 
-10x-9=-5 > 0.99945056 
-4x+9=1 > 0.9989111 
______
0.6x+0.4(3x-2)=4.6 > -0.040546086 
0.01x+0.98=0.5x > -0.04063892 
0.8x-(0.01x-2)=0.03x-2 > -0.041121088 
0.38-0.18x=0.2 > -0.041397475 
0.4x+0.6=0.2 > -0.04148982 
0.6(3x+5)=2x-4.2 > -0.041569777 
0.3x+1.7=0.2 > -0.04185958 
0.11x-1.1=0.3x+0.61 > -0.042095393 
0.1x=0.5x-1.6 > -0.04251429 
0.2(x+6)=0.5x-0.6 > -0.045002036 
txt/lastrun/SkipConnect_Skip_final_22x500_4_Sat_Feb_23_12%3A59%3A13_JST_2019.txt
mode: SkipConnect inputvectersize: 22x500 layer: 4
..................................................input -> x-3=7
x-4=7 > 0.99785835 
x-5=5 > 0.9964146 
x+5=8 > 0.992463 
x+2=2 > 0.991218 
x-8=-3 > 0.98189974 
______
-2(x+8)=6x-6 > -0.037701417 
-7x+10=9 > -0.03793718 
-2(x-5)=9x-8 > -0.03827187 
-4x+9=1 > -0.0421749 
8x-3=6 > -0.05300047 
8-5x=-12 > -0.054050423 
8(2x+1)=4(x-3) > -0.057403576 
8=-2(3x+2) > -0.06779916 
8x=2x+9 > -0.073478684 
8+5x=3(x-10) > -0.0787702 
mode: SkipConnect inputvectersize: 22x500 layer: 4
..................................................input -> f{4}{3}x-9=-10
f{4}{3}x-9=-10 > 0.9999999 
f{3}{2}x-6=-5x > 0.9983822 
f{7}{3}-7x=-3x > 0.99830186 
f{10}{9}x-3=-5 > 0.99782133 
f{7}{4}+3x=-1 > 0.9853469 
______
2(x+4)=5(x-1) > -0.07320585 
2(5-x)=3(2x-5)+7x > -0.073332496 
2x=x-11 > -0.07364862 
2x+1=x+7 > -0.07483533 
2(x+5)=6 > -0.07556059 
2(4x+f{1}{2})=f{3}{4}(8x-12) > -0.076028995 
7(x+3)=-5x-8 > -0.07727778 
2(x+3)=8x+4 > -0.08464619 
2(x+3)=x+11 > -0.08470679 
2(x+1)=3x+4 > -0.084817745 
mode: SkipConnect inputvectersize: 22x500 layer: 4
..................................................input -> 0.1x=0.5x-1.6
0.1x=0.5x-1.6 > 1.0000002 
0.11x-1.1=0.3x+0.61 > 0.9850222 
0.6x+0.4(3x-2)=4.6 > 0.98371047 
0.5(x-9)=-1.3x > 0.9833958 
0.8x-(0.01x-2)=0.03x-2 > 0.9829791 
______
-f{7}{6}x-7=-8 > -0.05926807 
-3x=-4 > -0.059963048 
-2(x+8)=6x-6 > -0.060221344 
-f{2}{5}x+3=f{8}{3} > -0.060240105 
-f{8}{7}x-5=2 > -0.06070427 
-f{1}{3}+0.4=f{3}{2}x > -0.06105525 
-f{2x-1}{9}+2=f{5}{2} > -0.061329197 
-f{x+3}{3}-3=-f{5}{3} > -0.06145954 
-f{4}{7}x+3=-f{1}{7}x > -0.062350027 
-2(x-5)=9x-8 > -0.06243868 
mode: SkipConnect inputvectersize: 22x500 layer: 4
..................................................input -> 2(x+5)=6
2(x+5)=6 > 0.99999994 
2x+15=-x > 0.9952541 
2x+1=x+7 > 0.9950551 
2(x+4)=5(x-1) > 0.98401433 
2(5-x)=3(2x-5)+7x > 0.98363835 
______
f{x-5}{4}+6=f{5}{2} > -0.073667556 
f{4}{7}x-0.2x=-f{3}{8} > -0.07387361 
f{5}{3}x-f{3}{2}x=6 > -0.07421157 
f{8}{7}-5x=-6 > -0.07425168 
f{9}{2}+0.3x=-f{9}{2} > -0.07447453 
f{1}{4}x+f{3}{2}=f{1}{3}x > -0.075221814 
f{8}{5}x-4=-7 > -0.07537997 
f{4}{3}x-9=-10 > -0.07556044 
f{1}{3}(3x-12)=2x+8 > -0.07581368 
f{7}{4}+8x=-f{4}{3} > -0.07791485 
mode: SkipConnect inputvectersize: 22x500 layer: 4
..................................................input -> -4(x+5)=6
-4x+5=-11 > 0.99834 
-3(4-x)=x > 0.9950138 
-10x+6=-5 > 0.99222285 
-10x-9=-5 > 0.99158734 
-4x+9=1 > 0.98335236 
______
2(4x+f{1}{2})=f{3}{4}(8x-12) > -0.043810025 
0.3x+1.7=0.2 > -0.04463617 
2(x+4)=5(x-1) > -0.045137033 
x+2=2 > -0.0457899 
0.11x-1.1=0.3x+0.61 > -0.046016425 
0.1x=0.5x-1.6 > -0.047224075 
2x-2=-7x+8 > -0.049925603 
23+9x=3-6x > -0.052960865 
0.2(x+6)=0.5x-0.6 > -0.05451724 
2(3x-5)=3(x+2)+4(2x-1) > -0.058568597 
txt/lastrun/SkipConnect_Skip_final_22x500_8_Sat_Feb_23_21%3A25%3A32_JST_2019.txt
mode: SkipConnect inputvectersize: 22x500 layer: 8
..................................................input -> x-3=7
x-4=7 > 0.9908074 
x-5=5 > 0.9840723 
x+5=8 > 0.97010446 
x+2=2 > 0.96485144 
x-8=-3 > 0.93049264 
______
-f{2}{5}x+3=f{8}{3} > -0.028703861 
-5x+4=8 > -0.029949734 
-0.4(f{5}{2}x+12)=-3 > -0.030164437 
-2(x+8)=6x-6 > -0.030708967 
-2(x-5)=9x-8 > -0.032595925 
8(2x+1)=4(x-3) > -0.034858078 
-4x+9=1 > -0.03763998 
8=-2(3x+2) > -0.051171817 
8x=2x+9 > -0.06109747 
8+5x=3(x-10) > -0.069856584 
mode: SkipConnect inputvectersize: 22x500 layer: 8
..................................................input -> f{4}{3}x-9=-10
f{4}{3}x-9=-10 > 0.99999976 
f{3}{2}x-6=-5x > 0.9936152 
f{7}{3}-7x=-3x > 0.99314535 
f{10}{9}x-3=-5 > 0.9913904 
f{7}{4}+3x=-1 > 0.9447946 
______
2(5-x)=3(2x-5)+7x > -0.080704205 
2x+5=8x+4 > -0.082747474 
2x+1=x+7 > -0.08350544 
2(x+4)=5(x-1) > -0.0861846 
2(x+5)=6 > -0.08769036 
2(4x+f{1}{2})=f{3}{4}(8x-12) > -0.08827004 
7(x+3)=-5x-8 > -0.096092135 
2(x+3)=8x+4 > -0.102374405 
2(x+3)=x+11 > -0.1026493 
2(x+1)=3x+4 > -0.1036311 
mode: SkipConnect inputvectersize: 22x500 layer: 8
..................................................input -> 0.1x=0.5x-1.6
0.1x=0.5x-1.6 > 1.0000001 
0.11x-1.1=0.3x+0.61 > 0.94313234 
0.6x+0.4(3x-2)=4.6 > 0.93787944 
0.5(x-9)=-1.3x > 0.9359052 
0.8x-(0.01x-2)=0.03x-2 > 0.93485516 
______
-7x+10=9 > -0.078159146 
-2(x+8)=6x-6 > -0.078673944 
-f{1}{3}+0.4=f{3}{2}x > -0.0789066 
-f{x+3}{3}-3=-f{5}{3} > -0.0798033 
-f{2x-1}{9}+2=f{5}{2} > -0.08084455 
-7x+7=-1 > -0.081691265 
-f{4}{7}x+3=-f{1}{7}x > -0.081755064 
-2(x-5)=9x-8 > -0.08295144 
-3x=-4 > -0.083488904 
-f{8}{7}x-5=2 > -0.083965875 
mode: SkipConnect inputvectersize: 22x500 layer: 8
..................................................input -> 2(x+5)=6
2(x+5)=6 > 0.9999997 
2x+15=-x > 0.9814998 
2x+1=x+7 > 0.98066026 
2(x+4)=5(x-1) > 0.93875295 
2(5-x)=3(2x-5)+7x > 0.9380875 
______
f{x+1}{3}+f{2x+1}{2}=f{3x-4}{2} > -0.078440815 
f{4}{3}x+7=-2 > -0.07889315 
f{1}{3}(3x-12)=2x+8 > -0.079529814 
f{10}{9}x-3=-5 > -0.08205798 
f{8}{7}-5x=-6 > -0.08274372 
f{7}{3}-7x=-3x > -0.08367658 
f{1}{4}x+f{3}{2}=f{1}{3}x > -0.08380584 
f{8}{5}x-4=-7 > -0.08479824 
f{7}{4}+8x=-f{4}{3} > -0.08708027 
f{4}{3}x-9=-10 > -0.08769028 
mode: SkipConnect inputvectersize: 22x500 layer: 8
..................................................input -> -4(x+5)=6
-4x+5=-11 > 0.99358886 
-3(4-x)=x > 0.98175734 
-10x+6=-5 > 0.97098434 
-10x-9=-5 > 0.9683183 
-4x+9=1 > 0.93842256 
______
2(x+3)=8x+4 > -0.049742103 
2(x+1)=3x+4 > -0.050015025 
x+2=2 > -0.051071826 
0.1x=0.5x-1.6 > -0.051184095 
2(4x+f{1}{2})=f{3}{4}(8x-12) > -0.057498112 
0.2(x+6)=0.5x-0.6 > -0.05929471 
2(x+4)=5(x-1) > -0.06012798 
2x-2=-7x+8 > -0.0610083 
23+9x=3-6x > -0.07130651 
2(3x-5)=3(x+2)+4(2x-1) > -0.08267782 
